*+ WARNING: Smallest FDR q [4 pleasant_read#1_Tstat] = 0.963858 ==> few true single voxel detections
*+ WARNING: Smallest FDR q [9 neutral_read#1_Tstat] = 0.738554 ==> few true single voxel detections
*+ WARNING: Smallest FDR q [24 neutral_imagine#1_Tstat] = 0.999887 ==> few true single voxel detections
*+ WARNING: Smallest FDR q [29 unpleasant_imagine#1_Tstat] = 0.427128 ==> few true single voxel detections
*+ WARNING: Smallest FDR q [32 Overall_Modulation#0_Tstat] = 0.122614 ==> few true single voxel detections
*+ WARNING: Smallest FDR q [33 Overall_Modulation_Fstat] = 0.122614 ==> few true single voxel detections
*+ WARNING: Smallest FDR q [35 Mod_Read_vs_Imagine#0_Tstat] = 0.69188 ==> few true single voxel detections
*+ WARNING: Smallest FDR q [36 Mod_Read_vs_Imagine_Fstat] = 0.69188 ==> few true single voxel detections
*+ WARNING: Smallest FDR q [38 Mod_Emotional_vs_Neutral#0_Tstat] = 0.999898 ==> few true single voxel detections
*+ WARNING: Smallest FDR q [39 Mod_Emotional_vs_Neutral_Fstat] = 0.999898 ==> few true single voxel detections
*+ WARNING: Smallest FDR q [41 Mod_Task_x_Emotion_Interaction#0_Tstat] = 0.999862 ==> few true single voxel detections
*+ WARNING: Smallest FDR q [42 Mod_Task_x_Emotion_Interaction_Fstat] = 0.999862 ==> few true single voxel detections
*+ WARNING: Smallest FDR q [47 Mean_Emotional_vs_Neutral#0_Tstat] = 0.467941 ==> few true single voxel detections
*+ WARNING: Smallest FDR q [48 Mean_Emotional_vs_Neutral_Fstat] = 0.46794 ==> few true single voxel detections
*+ WARNING: Smallest FDR q [50 Mean_Read_Emotion_vs_Neutral#0_Tstat] = 0.826356 ==> few true single voxel detections
*+ WARNING: Smallest FDR q [51 Mean_Read_Emotion_vs_Neutral_Fstat] = 0.826356 ==> few true single voxel detections
*+ WARNING: Smallest FDR q [53 Mean_Imagine_Emotion_vs_Neutral#0_Tstat] = 0.328077 ==> few true single voxel detections
*+ WARNING: Smallest FDR q [54 Mean_Imagine_Emotion_vs_Neutral_Fstat] = 0.328077 ==> few true single voxel detections
*+ WARNING: Smallest FDR q [56 Mean_Task_x_Emotion_Interaction#0_Tstat] = 0.456507 ==> few true single voxel detections
*+ WARNING: Smallest FDR q [57 Mean_Task_x_Emotion_Interaction_Fstat] = 0.456506 ==> few true single voxel detections
